Base path: /Applications/Unity/Unity.app/Contents
Pipe name: \\.\pipe\UnityShaderCompiler-64bit-1-1931198464
Cmd: getPlatforms
Cmd: preprocess
  insize=8450 outsize=2507 ok=1
Cmd: compileSnippet
  api=0 type=0 insize=3165 outsize=276 kw= pd= ok=1
Cmd: compileSnippet
  api=0 type=1 insize=3165 outsize=6 kw= pd= ok=1
Cmd: compileSnippet
  api=0 type=0 insize=3542 outsize=1782 kw= pd= ok=1
Cmd: compileSnippet
  api=0 type=1 insize=3542 outsize=6 kw= pd= ok=1
Cmd: compileSnippet
  api=0 type=0 insize=3544 outsize=1765 kw= pd= ok=1
Cmd: compileSnippet
  api=0 type=1 insize=3544 outsize=6 kw= pd= ok=1
Cmd: compileSnippet
  api=0 type=0 insize=3282 outsize=1319 kw= pd= ok=1
Cmd: compileSnippet
  api=0 type=1 insize=3282 outsize=6 kw= pd= ok=1
Cmd: compileSnippet
  api=0 type=0 insize=4405 outsize=6191 kw= pd= ok=1
Cmd: compileSnippet
  api=0 type=1 insize=4405 outsize=6 kw= pd= ok=1
Cmd: compileSnippet
  api=0 type=0 insize=3558 outsize=2763 kw= pd= ok=1
Cmd: compileSnippet
  api=0 type=1 insize=3558 outsize=6 kw= pd= ok=1
Cmd: compileSnippet
  api=0 type=0 insize=4405 outsize=15701 kw=USE_CORNER_DETECTION USE_DIAG_SEARCH pd= ok=1
Cmd: compileSnippet
  api=0 type=0 insize=4405 outsize=8586 kw=USE_CORNER_DETECTION pd= ok=1
Cmd: compileSnippet
  api=0 type=1 insize=4405 outsize=6 kw=USE_CORNER_DETECTION pd= ok=1
Cmd: preprocess
  insize=1452 outsize=367 ok=1
Cmd: compileSnippet
  api=0 type=0 insize=1384 outsize=1001 kw= pd= ok=1
Cmd: compileSnippet
  api=0 type=1 insize=1384 outsize=6 kw= pd= ok=1
Cmd: preprocess
  insize=2155 outsize=364 ok=1
Cmd: compileSnippet
  api=0 type=0 insize=2090 outsize=1543 kw= pd= ok=1
Cmd: compileSnippet
  api=0 type=1 insize=2090 outsize=6 kw= pd= ok=1
Cmd: preprocess
  insize=2584 outsize=403 ok=1
Cmd: compileSnippet
  api=0 type=0 insize=2480 outsize=2927 kw= pd= ok=1
Cmd: compileSnippet
  api=0 type=1 insize=2480 outsize=6 kw= pd= ok=1
Cmd: preprocess
  insize=1845 outsize=366 ok=1
Cmd: compileSnippet
  api=0 type=0 insize=1777 outsize=1034 kw= pd= ok=1
Cmd: compileSnippet
  api=0 type=1 insize=1777 outsize=6 kw= pd= ok=1
Cmd: preprocess
  insize=2270 outsize=300 ok=1
Cmd: compileSnippet
  api=0 type=0 insize=2271 outsize=2045 kw= pd= ok=1
Cmd: compileSnippet
  api=0 type=1 insize=2271 outsize=6 kw= pd= ok=1
Cmd: preprocess
  insize=1299 outsize=555 ok=1
Cmd: compileSnippet
  api=0 type=0 insize=1042 outsize=487 kw= pd= ok=1
Cmd: compileSnippet
  api=0 type=1 insize=1042 outsize=6 kw= pd= ok=1
Cmd: preprocess
  insize=1166 outsize=342 ok=1
Cmd: compileSnippet
  api=0 type=0 insize=1123 outsize=672 kw= pd= ok=1
Cmd: compileSnippet
  api=0 type=1 insize=1123 outsize=6 kw= pd= ok=1
Cmd: preprocess
  insize=5851 outsize=509 ok=1
Cmd: compileSnippet
  api=0 type=0 insize=2974 outsize=460 kw= pd= ok=1
Cmd: compileSnippet
  api=0 type=1 insize=2974 outsize=6 kw= pd= ok=1
Cmd: compileSnippet
  api=0 type=0 insize=2974 outsize=544 kw= pd= ok=1
Cmd: compileSnippet
  api=0 type=1 insize=2974 outsize=6 kw= pd= ok=1
Cmd: preprocess
  insize=5912 outsize=514 ok=1
Cmd: compileSnippet
  api=0 type=0 insize=3002 outsize=460 kw= pd= ok=1
Cmd: compileSnippet
  api=0 type=1 insize=3002 outsize=6 kw= pd= ok=1
Cmd: compileSnippet
  api=0 type=0 insize=3002 outsize=544 kw= pd= ok=1
Cmd: compileSnippet
  api=0 type=1 insize=3002 outsize=6 kw= pd= ok=1
Cmd: preprocess
  insize=2072 outsize=503 ok=1
Cmd: compileSnippet
  api=0 type=0 insize=1086 outsize=654 kw= pd= ok=1
Cmd: compileSnippet
  api=0 type=1 insize=1086 outsize=6 kw= pd= ok=1
Cmd: compileSnippet
  api=0 type=0 insize=1086 outsize=554 kw= pd= ok=1
Cmd: compileSnippet
  api=0 type=1 insize=1086 outsize=6 kw= pd= ok=1
Cmd: preprocess
  insize=2293 outsize=301 ok=1
Cmd: compileSnippet
  api=0 type=0 insize=2293 outsize=2453 kw= pd= ok=1
Cmd: compileSnippet
  api=0 type=1 insize=2293 outsize=6 kw= pd= ok=1
Cmd: preprocess
  insize=1947 outsize=702 ok=1
Cmd: compileSnippet
  api=0 type=0 insize=749 outsize=460 kw= pd= ok=1
Cmd: compileSnippet
  api=0 type=1 insize=749 outsize=6 kw= pd= ok=1
Cmd: compileSnippet
  api=0 type=0 insize=761 outsize=505 kw= pd= ok=1
Cmd: compileSnippet
  api=0 type=1 insize=761 outsize=6 kw= pd= ok=1
Cmd: compileSnippet
  api=0 type=0 insize=641 outsize=384 kw= pd= ok=1
Cmd: compileSnippet
  api=0 type=1 insize=641 outsize=6 kw= pd= ok=1
Cmd: preprocess
  insize=24291 outsize=2312 ok=1
Cmd: compileSnippet
  api=0 type=0 insize=12320 outsize=1028 kw= pd= ok=1
Cmd: compileSnippet
  api=0 type=1 insize=12320 outsize=6 kw= pd= ok=1
Cmd: compileSnippet
  api=0 type=0 insize=12707 outsize=1737 kw= pd= ok=1
Cmd: compileSnippet
  api=0 type=1 insize=12707 outsize=6 kw= pd= ok=1
Cmd: compileSnippet
  api=0 type=0 insize=11801 outsize=4648 kw= pd= ok=1
Cmd: compileSnippet
  api=0 type=1 insize=11801 outsize=6 kw= pd= ok=1
Cmd: compileSnippet
  api=0 type=0 insize=11799 outsize=2948 kw= pd= ok=1
Cmd: compileSnippet
  api=0 type=1 insize=11799 outsize=6 kw= pd= ok=1
Cmd: compileSnippet
  api=0 type=0 insize=11799 outsize=2413 kw= pd= ok=1
Cmd: compileSnippet
  api=0 type=1 insize=11799 outsize=6 kw= pd= ok=1
Cmd: compileSnippet
  api=0 type=0 insize=12928 outsize=1667 kw= pd= ok=1
Cmd: compileSnippet
  api=0 type=1 insize=12928 outsize=6 kw= pd= ok=1
Cmd: compileSnippet
  api=0 type=0 insize=13082 outsize=1732 kw= pd= ok=1
Cmd: compileSnippet
  api=0 type=1 insize=13082 outsize=6 kw= pd= ok=1
Cmd: compileSnippet
  api=0 type=0 insize=12196 outsize=550 kw= pd= ok=1
Cmd: compileSnippet
  api=0 type=1 insize=12196 outsize=6 kw= pd= ok=1
Cmd: compileSnippet
  api=0 type=0 insize=11796 outsize=2476 kw= pd= ok=1
Cmd: compileSnippet
  api=0 type=1 insize=11796 outsize=6 kw= pd= ok=1
Cmd: compileSnippet
  api=0 type=0 insize=11797 outsize=3692 kw= pd= ok=1
Cmd: compileSnippet
  api=0 type=1 insize=11797 outsize=6 kw= pd= ok=1
Cmd: compileSnippet
  api=0 type=0 insize=11799 outsize=4168 kw= pd= ok=1
Cmd: compileSnippet
  api=0 type=1 insize=11799 outsize=6 kw= pd= ok=1
Cmd: compileSnippet
  api=0 type=0 insize=13890 outsize=2710 kw= pd= ok=1
Cmd: compileSnippet
  api=0 type=1 insize=13890 outsize=6 kw= pd= ok=1
Cmd: compileSnippet
  api=0 type=0 insize=14530 outsize=3304 kw= pd= ok=1
Cmd: compileSnippet
  api=0 type=1 insize=14530 outsize=6 kw= pd= ok=1
Cmd: preprocess
  insize=14665 outsize=2391 ok=1
Cmd: compileSnippet
  api=0 type=0 insize=7562 outsize=1028 kw= pd= ok=1
Cmd: compileSnippet
  api=0 type=1 insize=7562 outsize=6 kw= pd= ok=1
Cmd: compileSnippet
  api=0 type=0 insize=7027 outsize=3995 kw= pd= ok=1
Cmd: compileSnippet
  api=0 type=1 insize=7027 outsize=6 kw= pd= ok=1
Cmd: compileSnippet
  api=0 type=0 insize=7029 outsize=2326 kw= pd= ok=1
Cmd: compileSnippet
  api=0 type=1 insize=7029 outsize=6 kw= pd= ok=1
Cmd: compileSnippet
  api=0 type=0 insize=7026 outsize=1391 kw= pd= ok=1
Cmd: compileSnippet
  api=0 type=1 insize=7026 outsize=6 kw= pd= ok=1
Cmd: compileSnippet
  api=0 type=0 insize=7322 outsize=508 kw= pd= ok=1
Cmd: compileSnippet
  api=0 type=1 insize=7322 outsize=6 kw= pd= ok=1
Cmd: compileSnippet
  api=0 type=0 insize=7196 outsize=460 kw= pd= ok=1
Cmd: compileSnippet
  api=0 type=1 insize=7196 outsize=6 kw= pd= ok=1
Cmd: compileSnippet
  api=0 type=0 insize=7191 outsize=460 kw= pd= ok=1
Cmd: compileSnippet
  api=0 type=1 insize=7191 outsize=6 kw= pd= ok=1
Cmd: compileSnippet
  api=0 type=0 insize=7130 outsize=384 kw= pd= ok=1
Cmd: compileSnippet
  api=0 type=1 insize=7130 outsize=6 kw= pd= ok=1
Cmd: compileSnippet
  api=0 type=0 insize=8267 outsize=1567 kw= pd= ok=1
Cmd: compileSnippet
  api=0 type=1 insize=8267 outsize=6 kw= pd= ok=1
Cmd: compileSnippet
  api=0 type=0 insize=7498 outsize=809 kw= pd= ok=1
Cmd: compileSnippet
  api=0 type=1 insize=7498 outsize=6 kw= pd= ok=1
Cmd: compileSnippet
  api=0 type=0 insize=7943 outsize=1744 kw= pd= ok=1
Cmd: compileSnippet
  api=0 type=1 insize=7943 outsize=6 kw= pd= ok=1
Cmd: compileSnippet
  api=0 type=0 insize=7401 outsize=893 kw= pd= ok=1
Cmd: compileSnippet
  api=0 type=1 insize=7401 outsize=6 kw= pd= ok=1
Cmd: preprocess
  insize=1467 outsize=536 ok=1
Cmd: compileSnippet
  api=0 type=0 insize=1230 outsize=953 kw= pd= ok=1
Cmd: compileSnippet
  api=0 type=1 insize=1230 outsize=6 kw= pd= ok=1
Cmd: preprocess
  insize=846 outsize=360 ok=1
Cmd: compileSnippet
  api=0 type=0 insize=785 outsize=413 kw= pd= ok=1
Cmd: compileSnippet
  api=0 type=1 insize=785 outsize=6 kw= pd= ok=1
Cmd: preprocess
  insize=5985 outsize=519 ok=1
Cmd: compileSnippet
  api=0 type=0 insize=3036 outsize=829 kw= pd= ok=1
Cmd: compileSnippet
  api=0 type=1 insize=3036 outsize=6 kw= pd= ok=1
Cmd: compileSnippet
  api=0 type=0 insize=3038 outsize=892 kw= pd= ok=1
Cmd: compileSnippet
  api=0 type=1 insize=3038 outsize=6 kw= pd= ok=1
Cmd: preprocess
  insize=6044 outsize=525 ok=1
Cmd: compileSnippet
  api=0 type=0 insize=3063 outsize=829 kw= pd= ok=1
Cmd: compileSnippet
  api=0 type=1 insize=3063 outsize=6 kw= pd= ok=1
Cmd: compileSnippet
  api=0 type=0 insize=3064 outsize=892 kw= pd= ok=1
Cmd: compileSnippet
  api=0 type=1 insize=3064 outsize=6 kw= pd= ok=1
Cmd: preprocess
  insize=14380 outsize=828 ok=1
Cmd: compileSnippet
  api=0 type=0 insize=5615 outsize=5198 kw= pd= ok=1
Cmd: compileSnippet
  api=0 type=1 insize=5615 outsize=6 kw= pd= ok=1
Cmd: compileSnippet
  api=0 type=0 insize=5384 outsize=4350 kw= pd= ok=1
Cmd: compileSnippet
  api=0 type=1 insize=5384 outsize=6 kw= pd= ok=1
Cmd: compileSnippet
  api=0 type=0 insize=4138 outsize=2733 kw= pd= ok=1
Cmd: compileSnippet
  api=0 type=1 insize=4138 outsize=6 kw= pd= ok=1
Cmd: compileSnippet
  api=0 type=0 insize=3863 outsize=1477 kw= pd= ok=1
Cmd: compileSnippet
  api=0 type=1 insize=3863 outsize=6 kw= pd= ok=1
Cmd: compileSnippet
  api=0 type=0 insize=2836 outsize=511 kw= pd= ok=1
Cmd: compileSnippet
  api=0 type=1 insize=2836 outsize=6 kw= pd= ok=1
Cmd: compileSnippet
  api=0 type=0 insize=3631 outsize=1285 kw= pd= ok=1
Cmd: compileSnippet
  api=0 type=1 insize=3631 outsize=6 kw= pd= ok=1
Cmd: compileSnippet
  api=0 type=0 insize=4400 outsize=3150 kw= pd= ok=1
Cmd: compileSnippet
  api=0 type=1 insize=4400 outsize=6 kw= pd= ok=1
Cmd: preprocess
  insize=1838 outsize=598 ok=1
Cmd: compileSnippet
  api=0 type=0 insize=1542 outsize=601 kw=SOFTPARTICLES_OFF pd= ok=1
Cmd: compileSnippet
  api=0 type=1 insize=1542 outsize=6 kw=SOFTPARTICLES_OFF pd= ok=1
Cmd: preprocess
  insize=6383 outsize=1097 ok=1
Cmd: compileSnippet
  api=0 type=0 insize=5335 outsize=1766 kw= pd= ok=1
Cmd: compileSnippet
  api=0 type=1 insize=5335 outsize=6 kw= pd= ok=1
Cmd: compileSnippet
  api=0 type=0 insize=5345 outsize=1380 kw= pd= ok=1
Cmd: compileSnippet
  api=0 type=1 insize=5345 outsize=6 kw= pd= ok=1
Cmd: compileSnippet
  api=0 type=0 insize=5348 outsize=1691 kw= pd= ok=1
Cmd: compileSnippet
  api=0 type=1 insize=5348 outsize=6 kw= pd= ok=1
Cmd: compileSnippet
  api=0 type=0 insize=5350 outsize=1691 kw= pd= ok=1
Cmd: compileSnippet
  api=0 type=1 insize=5350 outsize=6 kw= pd= ok=1
Cmd: compileSnippet
  api=0 type=0 insize=5335 outsize=578 kw= pd= ok=1
Cmd: compileSnippet
  api=0 type=1 insize=5335 outsize=6 kw= pd= ok=1
Cmd: preprocess
  insize=1194 outsize=1784 ok=1
Cmd: compileSnippet
  api=0 type=0 insize=7567 outsize=2884 kw=DIRECTIONAL SHADOWS_OFF LIGHTMAP_OFF DIRLIGHTMAP_OFF DYNAMICLIGHTMAP_OFF pd= ok=1
Cmd: compileSnippet
  api=0 type=1 insize=7567 outsize=6 kw=DIRECTIONAL SHADOWS_OFF LIGHTMAP_OFF DIRLIGHTMAP_OFF DYNAMICLIGHTMAP_OFF pd= ok=1
Cmd: compileSnippet
  api=0 type=0 insize=4181 outsize=1834 kw=POINT pd= ok=1
Cmd: compileSnippet
  api=0 type=1 insize=4181 outsize=6 kw=POINT pd= ok=1
Cmd: compileSnippet
  api=0 type=0 insize=3388 outsize=978 kw= pd= ok=1
Cmd: compileSnippet
  api=0 type=1 insize=3388 outsize=6 kw= pd= ok=1
Cmd: compileSnippet
  api=0 type=0 insize=6599 outsize=3281 kw=LIGHTMAP_OFF DIRLIGHTMAP_OFF DYNAMICLIGHTMAP_OFF HDR_LIGHT_PREPASS_OFF pd= ok=1
Cmd: compileSnippet
  api=0 type=1 insize=6599 outsize=6 kw=LIGHTMAP_OFF DIRLIGHTMAP_OFF DYNAMICLIGHTMAP_OFF HDR_LIGHT_PREPASS_OFF pd= ok=1
Cmd: compileSnippet
  api=0 type=0 insize=6639 outsize=3349 kw=LIGHTMAP_OFF DIRLIGHTMAP_OFF DYNAMICLIGHTMAP_OFF HDR_LIGHT_PREPASS_OFF pd= ok=1
Cmd: compileSnippet
  api=0 type=1 insize=6639 outsize=6 kw=LIGHTMAP_OFF DIRLIGHTMAP_OFF DYNAMICLIGHTMAP_OFF HDR_LIGHT_PREPASS_OFF pd= ok=1
Cmd: compileSnippet
  api=0 type=0 insize=3706 outsize=3062 kw= pd= ok=1
Cmd: compileSnippet
  api=0 type=1 insize=3706 outsize=6 kw= pd= ok=1
Cmd: compileSnippet
  api=0 type=0 insize=541 outsize=1893 kw=SHADOWS_DEPTH pd= ok=1
Cmd: compileSnippet
  api=0 type=1 insize=541 outsize=6 kw=SHADOWS_DEPTH pd= ok=1
Cmd: compileSnippet
  api=0 type=0 insize=6924 outsize=2300 kw=DIRECTIONAL SHADOWS_OFF LIGHTMAP_OFF DIRLIGHTMAP_OFF DYNAMICLIGHTMAP_OFF pd= ok=1
Cmd: compileSnippet
  api=0 type=1 insize=6924 outsize=6 kw=DIRECTIONAL SHADOWS_OFF LIGHTMAP_OFF DIRLIGHTMAP_OFF DYNAMICLIGHTMAP_OFF pd= ok=1
Cmd: compileSnippet
  api=0 type=0 insize=7139 outsize=2704 kw=DIRECTIONAL SHADOWS_OFF LIGHTMAP_OFF DIRLIGHTMAP_OFF DYNAMICLIGHTMAP_OFF pd= ok=1
Cmd: compileSnippet
  api=0 type=1 insize=7139 outsize=6 kw=DIRECTIONAL SHADOWS_OFF LIGHTMAP_OFF DIRLIGHTMAP_OFF DYNAMICLIGHTMAP_OFF pd= ok=1
Cmd: preprocess
  insize=717 outsize=371 ok=1
Cmd: compileSnippet
  api=0 type=0 insize=645 outsize=211 kw= pd= ok=1
Cmd: compileSnippet
  api=0 type=1 insize=645 outsize=6 kw= pd= ok=1
Cmd: compileSnippet
  api=0 type=0 insize=7400 outsize=3788 kw=DIRECTIONAL SHADOWS_OFF LIGHTMAP_OFF DIRLIGHTMAP_OFF DYNAMICLIGHTMAP_OFF pd= ok=1
Cmd: compileSnippet
  api=0 type=1 insize=7400 outsize=6 kw=DIRECTIONAL SHADOWS_OFF LIGHTMAP_OFF DIRLIGHTMAP_OFF DYNAMICLIGHTMAP_OFF pd= ok=1
Cmd: compileSnippet
  api=0 type=0 insize=1004 outsize=2769 kw=SHADOWS_DEPTH pd= ok=1
Cmd: compileSnippet
  api=0 type=1 insize=1004 outsize=6 kw=SHADOWS_DEPTH pd= ok=1
Cmd: compileSnippet
  api=0 type=0 insize=631 outsize=4593 kw= pd= ok=1
Cmd: compileSnippet
  api=0 type=1 insize=631 outsize=6 kw= pd= ok=1
Cmd: compileSnippet
  api=0 type=0 insize=3193 outsize=3570 kw=SHADOWS_DEPTH pd= ok=1
Cmd: compileSnippet
  api=0 type=1 insize=3193 outsize=6 kw=SHADOWS_DEPTH pd= ok=1
Cmd: compileSnippet
  api=0 type=0 insize=7647 outsize=6124 kw=DIRECTIONAL SHADOWS_OFF LIGHTMAP_OFF DIRLIGHTMAP_OFF DYNAMICLIGHTMAP_OFF pd= ok=1
Cmd: compileSnippet
  api=0 type=1 insize=7647 outsize=6 kw=DIRECTIONAL SHADOWS_OFF LIGHTMAP_OFF DIRLIGHTMAP_OFF DYNAMICLIGHTMAP_OFF pd= ok=1
Cmd: compileSnippet
  api=0 type=0 insize=1097 outsize=4278 kw=SHADOWS_DEPTH pd= ok=1
Cmd: compileSnippet
  api=0 type=1 insize=1097 outsize=6 kw=SHADOWS_DEPTH pd= ok=1
Cmd: compileSnippet
  api=0 type=0 insize=7010 outsize=7310 kw=DIRECTIONAL SHADOWS_OFF LIGHTMAP_OFF DIRLIGHTMAP_OFF DYNAMICLIGHTMAP_OFF pd= ok=1
Cmd: compileSnippet
  api=0 type=1 insize=7010 outsize=6 kw=DIRECTIONAL SHADOWS_OFF LIGHTMAP_OFF DIRLIGHTMAP_OFF DYNAMICLIGHTMAP_OFF pd= ok=1
Cmd: compileSnippet
  api=0 type=0 insize=794 outsize=2511 kw=SHADOWS_DEPTH pd= ok=1
Cmd: compileSnippet
  api=0 type=1 insize=794 outsize=6 kw=SHADOWS_DEPTH pd= ok=1
Cmd: compileSnippet
  api=0 type=0 insize=619 outsize=4257 kw= pd= ok=1
Cmd: compileSnippet
  api=0 type=1 insize=619 outsize=6 kw= pd= ok=1
Cmd: compileSnippet
  api=0 type=0 insize=6845 outsize=2252 kw=DIRECTIONAL LIGHTMAP_OFF DIRLIGHTMAP_OFF DYNAMICLIGHTMAP_OFF pd= ok=1
Cmd: compileSnippet
  api=0 type=1 insize=6845 outsize=6 kw=DIRECTIONAL LIGHTMAP_OFF DIRLIGHTMAP_OFF DYNAMICLIGHTMAP_OFF pd= ok=1
Cmd: compileSnippet
  api=0 type=0 insize=1642 outsize=541 kw=SOFTPARTICLES_OFF pd= ok=1
Cmd: compileSnippet
  api=0 type=1 insize=1642 outsize=6 kw=SOFTPARTICLES_OFF pd= ok=1
Cmd: preprocess
  insize=1119 outsize=324 ok=1
Cmd: compileSnippet
  api=0 type=0 insize=1095 outsize=740 kw= pd= ok=1
Cmd: compileSnippet
  api=0 type=1 insize=1095 outsize=6 kw= pd= ok=1
Cmd: preprocess
  insize=1281 outsize=321 ok=1
Cmd: compileSnippet
  api=0 type=0 insize=1260 outsize=905 kw= pd= ok=1
Cmd: compileSnippet
  api=0 type=1 insize=1260 outsize=6 kw= pd= ok=1
Cmd: preprocess
  insize=1117 outsize=326 ok=1
Cmd: compileSnippet
  api=0 type=0 insize=1091 outsize=1094 kw= pd= ok=1
Cmd: compileSnippet
  api=0 type=1 insize=1091 outsize=6 kw= pd= ok=1
Cmd: preprocess
  insize=1970 outsize=322 ok=1
Cmd: compileSnippet
  api=0 type=0 insize=1948 outsize=2030 kw= pd= ok=1
Cmd: compileSnippet
  api=0 type=1 insize=1948 outsize=6 kw= pd= ok=1
Cmd: preprocess
  insize=1913 outsize=327 ok=1
Cmd: compileSnippet
  api=0 type=0 insize=1886 outsize=1663 kw= pd= ok=1
Cmd: compileSnippet
  api=0 type=1 insize=1886 outsize=6 kw= pd= ok=1
Cmd: preprocess
  insize=1118 outsize=319 ok=1
Cmd: compileSnippet
  api=0 type=0 insize=1098 outsize=739 kw= pd= ok=1
Cmd: compileSnippet
  api=0 type=1 insize=1098 outsize=6 kw= pd= ok=1
Cmd: preprocess
  insize=1626 outsize=323 ok=1
Cmd: compileSnippet
  api=0 type=0 insize=1603 outsize=2652 kw= pd= ok=1
Cmd: compileSnippet
  api=0 type=1 insize=1603 outsize=6 kw= pd= ok=1
Cmd: preprocess
  insize=1509 outsize=320 ok=1
Cmd: compileSnippet
  api=0 type=0 insize=1489 outsize=1500 kw= pd= ok=1
Cmd: compileSnippet
  api=0 type=1 insize=1489 outsize=6 kw= pd= ok=1
Cmd: preprocess
  insize=1227 outsize=315 ok=1
Cmd: compileSnippet
  api=0 type=0 insize=1210 outsize=952 kw= pd= ok=1
Cmd: compileSnippet
  api=0 type=1 insize=1210 outsize=6 kw= pd= ok=1
Cmd: preprocess
  insize=1292 outsize=318 ok=1
Cmd: compileSnippet
  api=0 type=0 insize=1274 outsize=1901 kw= pd= ok=1
Cmd: compileSnippet
  api=0 type=1 insize=1274 outsize=6 kw= pd= ok=1
Cmd: preprocess
  insize=1178 outsize=319 ok=1
Cmd: compileSnippet
  api=0 type=0 insize=1159 outsize=898 kw= pd= ok=1
Cmd: compileSnippet
  api=0 type=1 insize=1159 outsize=6 kw= pd= ok=1
Cmd: preprocess
  insize=1459 outsize=324 ok=1
Cmd: compileSnippet
  api=0 type=0 insize=1435 outsize=1121 kw= pd= ok=1
Cmd: compileSnippet
  api=0 type=1 insize=1435 outsize=6 kw= pd= ok=1
Cmd: preprocess
  insize=1517 outsize=321 ok=1
Cmd: compileSnippet
  api=0 type=0 insize=1496 outsize=1452 kw= pd= ok=1
Cmd: compileSnippet
  api=0 type=1 insize=1496 outsize=6 kw= pd= ok=1
Cmd: preprocess
  insize=1385 outsize=331 ok=1
Cmd: compileSnippet
  api=0 type=0 insize=1354 outsize=1079 kw= pd= ok=1
Cmd: compileSnippet
  api=0 type=1 insize=1354 outsize=6 kw= pd= ok=1
Cmd: preprocess
  insize=1204 outsize=321 ok=1
Cmd: compileSnippet
  api=0 type=0 insize=1183 outsize=871 kw= pd= ok=1
Cmd: compileSnippet
  api=0 type=1 insize=1183 outsize=6 kw= pd= ok=1
Cmd: preprocess
  insize=1466 outsize=320 ok=1
Cmd: compileSnippet
  api=0 type=0 insize=1446 outsize=985 kw= pd= ok=1
Cmd: compileSnippet
  api=0 type=1 insize=1446 outsize=6 kw= pd= ok=1
Cmd: preprocess
  insize=1224 outsize=318 ok=1
Cmd: compileSnippet
  api=0 type=0 insize=1206 outsize=899 kw= pd= ok=1
Cmd: compileSnippet
  api=0 type=1 insize=1206 outsize=6 kw= pd= ok=1
Cmd: preprocess
  insize=1286 outsize=323 ok=1
Cmd: compileSnippet
  api=0 type=0 insize=1263 outsize=1004 kw= pd= ok=1
Cmd: compileSnippet
  api=0 type=1 insize=1263 outsize=6 kw= pd= ok=1
Cmd: preprocess
  insize=1171 outsize=322 ok=1
Cmd: compileSnippet
  api=0 type=0 insize=1149 outsize=795 kw= pd= ok=1
Cmd: compileSnippet
  api=0 type=1 insize=1149 outsize=6 kw= pd= ok=1
Cmd: preprocess
  insize=2321 outsize=333 ok=1
Cmd: compileSnippet
  api=0 type=0 insize=2293 outsize=2056 kw= pd= ok=1
Cmd: compileSnippet
  api=0 type=1 insize=2293 outsize=6 kw= pd= ok=1
Cmd: preprocess
  insize=1422 outsize=326 ok=1
Cmd: compileSnippet
  api=0 type=0 insize=1396 outsize=10846 kw= pd= ok=1
Cmd: compileSnippet
  api=0 type=1 insize=1396 outsize=6 kw= pd= ok=1
Cmd: preprocess
  insize=1766 outsize=343 ok=1
Cmd: compileSnippet
  api=0 type=0 insize=1723 outsize=1329 kw= pd= ok=1
Cmd: compileSnippet
  api=0 type=1 insize=1723 outsize=6 kw= pd= ok=1
Cmd: preprocess
  insize=1461 outsize=318 ok=1
Cmd: compileSnippet
  api=0 type=0 insize=1443 outsize=11108 kw= pd= ok=1
Cmd: compileSnippet
  api=0 type=1 insize=1443 outsize=6 kw= pd= ok=1
Cmd: preprocess
  insize=1122 outsize=323 ok=1
Cmd: compileSnippet
  api=0 type=0 insize=1099 outsize=902 kw= pd= ok=1
Cmd: compileSnippet
  api=0 type=1 insize=1099 outsize=6 kw= pd= ok=1
Cmd: preprocess
  insize=1071 outsize=318 ok=1
Cmd: compileSnippet
  api=0 type=0 insize=1053 outsize=725 kw= pd= ok=1
Cmd: compileSnippet
  api=0 type=1 insize=1053 outsize=6 kw= pd= ok=1
Cmd: preprocess
  insize=1405 outsize=319 ok=1
Cmd: compileSnippet
  api=0 type=0 insize=1386 outsize=1172 kw= pd= ok=1
Cmd: compileSnippet
  api=0 type=1 insize=1386 outsize=6 kw= pd= ok=1
Cmd: preprocess
  insize=2247 outsize=339 ok=1
Cmd: compileSnippet
  api=0 type=0 insize=2213 outsize=2504 kw= pd= ok=1
Cmd: compileSnippet
  api=0 type=1 insize=2213 outsize=6 kw= pd= ok=1
Cmd: preprocess
  insize=1236 outsize=321 ok=1
Cmd: compileSnippet
  api=0 type=0 insize=1215 outsize=1315 kw= pd= ok=1
Cmd: compileSnippet
  api=0 type=1 insize=1215 outsize=6 kw= pd= ok=1
Cmd: preprocess
  insize=1301 outsize=322 ok=1
Cmd: compileSnippet
  api=0 type=0 insize=1279 outsize=1014 kw= pd= ok=1
Cmd: compileSnippet
  api=0 type=1 insize=1279 outsize=6 kw= pd= ok=1
Cmd: preprocess
  insize=1763 outsize=340 ok=1
Cmd: preprocess
  insize=1169 outsize=324 ok=1
Cmd: compileSnippet
  api=0 type=0 insize=1145 outsize=806 kw= pd= ok=1
Cmd: compileSnippet
  api=0 type=1 insize=1145 outsize=6 kw= pd= ok=1
Cmd: preprocess
  insize=1298 outsize=319 ok=1
Cmd: compileSnippet
  api=0 type=0 insize=1278 outsize=1108 kw= pd= ok=1
Cmd: compileSnippet
  api=0 type=1 insize=1278 outsize=6 kw= pd= ok=1
Cmd: preprocess
  insize=1526 outsize=319 ok=1
Cmd: compileSnippet
  api=0 type=0 insize=1506 outsize=1045 kw= pd= ok=1
Cmd: compileSnippet
  api=0 type=1 insize=1506 outsize=6 kw= pd= ok=1
Cmd: preprocess
  insize=1023 outsize=321 ok=1
Cmd: compileSnippet
  api=0 type=0 insize=1002 outsize=649 kw= pd= ok=1
Cmd: compileSnippet
  api=0 type=1 insize=1002 outsize=6 kw= pd= ok=1
Cmd: preprocess
  insize=1945 outsize=322 ok=1
Cmd: compileSnippet
  api=0 type=0 insize=1923 outsize=1760 kw= pd= ok=1
Cmd: compileSnippet
  api=0 type=1 insize=1923 outsize=6 kw= pd= ok=1
Cmd: preprocess
  insize=1177 outsize=323 ok=1
Cmd: compileSnippet
  api=0 type=0 insize=1154 outsize=1029 kw= pd= ok=1
Cmd: compileSnippet
  api=0 type=1 insize=1154 outsize=6 kw= pd= ok=1
Cmd: preprocess
  insize=1653 outsize=321 ok=1
Cmd: compileSnippet
  api=0 type=0 insize=1632 outsize=3588 kw= pd= ok=1
Cmd: compileSnippet
  api=0 type=1 insize=1632 outsize=6 kw= pd= ok=1
Cmd: preprocess
  insize=1462 outsize=318 ok=1
Cmd: compileSnippet
  api=0 type=0 insize=1444 outsize=11108 kw= pd= ok=1
Cmd: compileSnippet
  api=0 type=1 insize=1444 outsize=6 kw= pd= ok=1
Cmd: preprocess
  insize=1222 outsize=318 ok=1
Cmd: compileSnippet
  api=0 type=0 insize=1204 outsize=1161 kw= pd= ok=1
Cmd: compileSnippet
  api=0 type=1 insize=1204 outsize=6 kw= pd= ok=1
Cmd: preprocess
  insize=1719 outsize=325 ok=1
Cmd: compileSnippet
  api=0 type=0 insize=1694 outsize=1887 kw= pd= ok=1
Cmd: compileSnippet
  api=0 type=1 insize=1694 outsize=6 kw= pd= ok=1
Cmd: preprocess
  insize=1299 outsize=325 ok=1
Cmd: compileSnippet
  api=0 type=0 insize=1274 outsize=835 kw= pd= ok=1
Cmd: compileSnippet
  api=0 type=1 insize=1274 outsize=6 kw= pd= ok=1
Cmd: preprocess
  insize=1168 outsize=320 ok=1
Cmd: compileSnippet
  api=0 type=0 insize=1148 outsize=861 kw= pd= ok=1
Cmd: compileSnippet
  api=0 type=1 insize=1148 outsize=6 kw= pd= ok=1
Cmd: preprocess
  insize=1661 outsize=320 ok=1
Cmd: compileSnippet
  api=0 type=0 insize=1641 outsize=1428 kw= pd= ok=1
Cmd: compileSnippet
  api=0 type=1 insize=1641 outsize=6 kw= pd= ok=1
Cmd: preprocess
  insize=1237 outsize=327 ok=1
Cmd: compileSnippet
  api=0 type=0 insize=1210 outsize=894 kw= pd= ok=1
Cmd: compileSnippet
  api=0 type=1 insize=1210 outsize=6 kw= pd= ok=1
Cmd: preprocess
  insize=1424 outsize=320 ok=1
Cmd: compileSnippet
  api=0 type=0 insize=1404 outsize=1383 kw= pd= ok=1
Cmd: compileSnippet
  api=0 type=1 insize=1404 outsize=6 kw= pd= ok=1
Cmd: preprocess
  insize=1042 outsize=323 ok=1
Cmd: compileSnippet
  api=0 type=0 insize=1018 outsize=656 kw= pd= ok=1
Cmd: compileSnippet
  api=0 type=1 insize=1018 outsize=6 kw= pd= ok=1
Cmd: preprocess
  insize=1131 outsize=319 ok=1
Cmd: compileSnippet
  api=0 type=0 insize=1112 outsize=796 kw= pd= ok=1
Cmd: compileSnippet
  api=0 type=1 insize=1112 outsize=6 kw= pd= ok=1
Cmd: preprocess
  insize=1115 outsize=324 ok=1
Cmd: compileSnippet
  api=0 type=0 insize=1090 outsize=624 kw= pd= ok=1
Cmd: compileSnippet
  api=0 type=1 insize=1090 outsize=6 kw= pd= ok=1
Cmd: compileSnippet
  api=0 type=0 insize=990 outsize=463 kw= pd= ok=1
Cmd: compileSnippet
  api=0 type=1 insize=990 outsize=6 kw= pd= ok=1
Cmd: preprocess
  insize=6178 outsize=2091 ok=1
Cmd: compileSnippet
  api=0 type=0 insize=11819 outsize=6274 kw=DIRECTIONAL SHADOWS_OFF LIGHTMAP_OFF DIRLIGHTMAP_OFF DYNAMICLIGHTMAP_OFF pd= ok=1
Cmd: compileSnippet
  api=0 type=1 insize=11819 outsize=6 kw=DIRECTIONAL SHADOWS_OFF LIGHTMAP_OFF DIRLIGHTMAP_OFF DYNAMICLIGHTMAP_OFF pd= ok=1
Cmd: compileSnippet
  api=0 type=0 insize=9656 outsize=5250 kw=POINT pd= ok=1
Cmd: compileSnippet
  api=0 type=1 insize=9656 outsize=6 kw=POINT pd= ok=1
Cmd: compileSnippet
  api=0 type=0 insize=8982 outsize=4076 kw= pd= ok=1
Cmd: compileSnippet
  api=0 type=1 insize=8982 outsize=6 kw= pd= ok=1
Cmd: compileSnippet
  api=0 type=0 insize=11350 outsize=4473 kw=LIGHTMAP_OFF DIRLIGHTMAP_OFF DYNAMICLIGHTMAP_OFF HDR_LIGHT_PREPASS_OFF pd= ok=1
Cmd: compileSnippet
  api=0 type=1 insize=11350 outsize=6 kw=LIGHTMAP_OFF DIRLIGHTMAP_OFF DYNAMICLIGHTMAP_OFF HDR_LIGHT_PREPASS_OFF pd= ok=1
Cmd: compileSnippet
  api=0 type=0 insize=7914 outsize=3777 kw=SHADOWS_DEPTH pd= ok=1
Cmd: compileSnippet
  api=0 type=1 insize=7914 outsize=6 kw=SHADOWS_DEPTH pd= ok=1
Cmd: preprocess
  insize=2701 outsize=1843 ok=1
Cmd: compileSnippet
  api=0 type=0 insize=9423 outsize=4500 kw=DIRECTIONAL SHADOWS_OFF LIGHTMAP_OFF DIRLIGHTMAP_OFF DYNAMICLIGHTMAP_OFF pd= ok=1
Cmd: compileSnippet
  api=0 type=1 insize=9423 outsize=6 kw=DIRECTIONAL SHADOWS_OFF LIGHTMAP_OFF DIRLIGHTMAP_OFF DYNAMICLIGHTMAP_OFF pd= ok=1
Cmd: compileSnippet
  api=0 type=0 insize=6571 outsize=3844 kw=POINT pd= ok=1
Cmd: compileSnippet
  api=0 type=1 insize=6571 outsize=6 kw=POINT pd= ok=1
Cmd: compileSnippet
  api=0 type=0 insize=5924 outsize=2633 kw= pd= ok=1
Cmd: compileSnippet
  api=0 type=1 insize=5924 outsize=6 kw= pd= ok=1
Cmd: compileSnippet
  api=0 type=0 insize=8546 outsize=3078 kw=LIGHTMAP_OFF DIRLIGHTMAP_OFF DYNAMICLIGHTMAP_OFF HDR_LIGHT_PREPASS_OFF pd= ok=1
Cmd: compileSnippet
  api=0 type=1 insize=8546 outsize=6 kw=LIGHTMAP_OFF DIRLIGHTMAP_OFF DYNAMICLIGHTMAP_OFF HDR_LIGHT_PREPASS_OFF pd= ok=1
Cmd: compileSnippet
  api=0 type=0 insize=4477 outsize=1893 kw=SHADOWS_DEPTH pd= ok=1
Cmd: compileSnippet
  api=0 type=1 insize=4477 outsize=6 kw=SHADOWS_DEPTH pd= ok=1
Cmd: compileSnippet
  api=0 type=0 insize=5772 outsize=3801 kw= pd= ok=1
Cmd: compileSnippet
  api=0 type=1 insize=5772 outsize=6 kw= pd= ok=1
Cmd: preprocess
  insize=1163 outsize=400 ok=1
Cmd: compileSnippet
  api=0 type=0 insize=1065 outsize=452 kw= pd= ok=1
Cmd: compileSnippet
  api=0 type=1 insize=1065 outsize=6 kw= pd= ok=1
Cmd: compileSnippet
  api=0 type=0 insize=959 outsize=407 kw= pd= ok=1
Cmd: compileSnippet
  api=0 type=1 insize=959 outsize=6 kw= pd= ok=1
Cmd: preprocess
  insize=3078 outsize=871 ok=1
Cmd: compileSnippet
  api=0 type=0 insize=2133 outsize=1883 kw= pd= ok=1
Cmd: compileSnippet
  api=0 type=1 insize=2133 outsize=6 kw= pd= ok=1
Cmd: compileSnippet
  api=0 type=0 insize=2133 outsize=2103 kw= pd= ok=1
Cmd: compileSnippet
  api=0 type=1 insize=2133 outsize=6 kw= pd= ok=1
Cmd: compileSnippet
  api=0 type=0 insize=2137 outsize=1948 kw= pd= ok=1
Cmd: compileSnippet
  api=0 type=1 insize=2137 outsize=6 kw= pd= ok=1
Cmd: compileSnippet
  api=0 type=0 insize=2137 outsize=2168 kw= pd= ok=1
Cmd: compileSnippet
  api=0 type=1 insize=2137 outsize=6 kw= pd= ok=1
Cmd: preprocess
  insize=3908 outsize=739 ok=1
Cmd: compileSnippet
  api=0 type=0 insize=1782 outsize=1300 kw= pd= ok=1
Cmd: compileSnippet
  api=0 type=1 insize=1782 outsize=6 kw= pd= ok=1
Cmd: compileSnippet
  api=0 type=0 insize=2139 outsize=1908 kw= pd= ok=1
Cmd: compileSnippet
  api=0 type=1 insize=2139 outsize=6 kw= pd= ok=1
Cmd: compileSnippet
  api=0 type=0 insize=2743 outsize=2759 kw= pd= ok=1
Cmd: compileSnippet
  api=0 type=1 insize=2743 outsize=6 kw= pd= ok=1
Cmd: preprocess
  insize=1955 outsize=283 ok=1
Cmd: compileSnippet
  api=0 type=0 insize=1972 outsize=1438 kw= pd= ok=1
Cmd: compileSnippet
  api=0 type=1 insize=1972 outsize=6 kw= pd= ok=1
Cmd: preprocess
  insize=4190 outsize=896 ok=1
Cmd: compileSnippet
  api=0 type=0 insize=1508 outsize=1810 kw= pd= ok=1
Cmd: compileSnippet
  api=0 type=1 insize=1508 outsize=6 kw= pd= ok=1
Cmd: compileSnippet
  api=0 type=0 insize=1504 outsize=1810 kw= pd= ok=1
Cmd: compileSnippet
  api=0 type=1 insize=1504 outsize=6 kw= pd= ok=1
Cmd: compileSnippet
  api=0 type=0 insize=1576 outsize=2736 kw= pd= ok=1
Cmd: compileSnippet
  api=0 type=1 insize=1576 outsize=6 kw= pd= ok=1
Cmd: compileSnippet
  api=0 type=0 insize=1574 outsize=2736 kw= pd= ok=1
Cmd: compileSnippet
  api=0 type=1 insize=1574 outsize=6 kw= pd= ok=1
Cmd: preprocess
  insize=1796 outsize=747 ok=1
Cmd: compileSnippet
  api=0 type=0 insize=1060 outsize=602 kw= pd= ok=1
Cmd: compileSnippet
  api=0 type=1 insize=1060 outsize=6 kw= pd= ok=1
Cmd: compileSnippet
  api=0 type=0 insize=1085 outsize=626 kw= pd= ok=1
Cmd: compileSnippet
  api=0 type=1 insize=1085 outsize=6 kw= pd= ok=1
Cmd: preprocess
  insize=3743 outsize=611 ok=1
Cmd: compileSnippet
  api=0 type=0 insize=1717 outsize=2427 kw= pd= ok=1
Cmd: compileSnippet
  api=0 type=1 insize=1717 outsize=6 kw= pd= ok=1
Cmd: compileSnippet
  api=0 type=0 insize=1935 outsize=4423 kw= pd= ok=1
Cmd: compileSnippet
  api=0 type=1 insize=1935 outsize=6 kw= pd= ok=1
Cmd: compileSnippet
  api=0 type=0 insize=2369 outsize=8191 kw= pd= ok=1
Cmd: compileSnippet
  api=0 type=1 insize=2369 outsize=6 kw= pd= ok=1
Cmd: preprocess
  insize=2984 outsize=858 ok=1
Cmd: compileSnippet
  api=0 type=0 insize=2051 outsize=2018 kw= pd= ok=1
Cmd: compileSnippet
  api=0 type=1 insize=2051 outsize=6 kw= pd= ok=1
Cmd: compileSnippet
  api=0 type=0 insize=2051 outsize=2238 kw= pd= ok=1
Cmd: compileSnippet
  api=0 type=1 insize=2051 outsize=6 kw= pd= ok=1
Cmd: compileSnippet
  api=0 type=0 insize=2055 outsize=1995 kw= pd= ok=1
Cmd: compileSnippet
  api=0 type=1 insize=2055 outsize=6 kw= pd= ok=1
Cmd: compileSnippet
  api=0 type=0 insize=2055 outsize=2215 kw= pd= ok=1
Cmd: compileSnippet
  api=0 type=1 insize=2055 outsize=6 kw= pd= ok=1
Cmd: preprocess
  insize=1096 outsize=791 ok=1
Cmd: compileSnippet
  api=0 type=0 insize=462 outsize=2183 kw= pd= ok=1
Cmd: compileSnippet
  api=0 type=1 insize=462 outsize=6 kw= pd= ok=1
Cmd: compileSnippet
  api=0 type=0 insize=459 outsize=2695 kw= pd= ok=1
Cmd: compileSnippet
  api=0 type=1 insize=459 outsize=6 kw= pd= ok=1
Cmd: compileSnippet
  api=0 type=0 insize=498 outsize=4936 kw= pd= ok=1
Cmd: compileSnippet
  api=0 type=1 insize=498 outsize=6 kw= pd= ok=1
Cmd: compileSnippet
  api=0 type=0 insize=503 outsize=3065 kw= pd= ok=1
Cmd: compileSnippet
  api=0 type=1 insize=503 outsize=6 kw= pd= ok=1
Cmd: preprocess
  insize=1255 outsize=437 ok=1
Cmd: compileSnippet
  api=0 type=0 insize=1119 outsize=632 kw= pd= ok=1
Cmd: compileSnippet
  api=0 type=1 insize=1119 outsize=6 kw= pd= ok=1
Cmd: preprocess
  insize=754 outsize=576 ok=1
Cmd: preprocess
  insize=4599 outsize=1357 ok=1
Cmd: compileSnippet
  api=0 type=0 insize=2623 outsize=1955 kw= pd= ok=1
Cmd: compileSnippet
  api=0 type=1 insize=2623 outsize=6 kw= pd= ok=1
Cmd: compileSnippet
  api=0 type=0 insize=2623 outsize=2175 kw= pd= ok=1
Cmd: compileSnippet
  api=0 type=1 insize=2623 outsize=6 kw= pd= ok=1
Cmd: compileSnippet
  api=0 type=0 insize=2625 outsize=2012 kw= pd= ok=1
Cmd: compileSnippet
  api=0 type=1 insize=2625 outsize=6 kw= pd= ok=1
Cmd: compileSnippet
  api=0 type=0 insize=2625 outsize=2232 kw= pd= ok=1
Cmd: compileSnippet
  api=0 type=1 insize=2625 outsize=6 kw= pd= ok=1
Cmd: compileSnippet
  api=0 type=0 insize=2622 outsize=2185 kw= pd= ok=1
Cmd: compileSnippet
  api=0 type=1 insize=2622 outsize=6 kw= pd= ok=1
Cmd: compileSnippet
  api=0 type=0 insize=2622 outsize=2405 kw= pd= ok=1
Cmd: compileSnippet
  api=0 type=1 insize=2622 outsize=6 kw= pd= ok=1
Cmd: compileSnippet
  api=0 type=0 insize=2624 outsize=2242 kw= pd= ok=1
Cmd: compileSnippet
  api=0 type=1 insize=2624 outsize=6 kw= pd= ok=1
Cmd: compileSnippet
  api=0 type=0 insize=2624 outsize=2462 kw= pd= ok=1
Cmd: compileSnippet
  api=0 type=1 insize=2624 outsize=6 kw= pd= ok=1
Cmd: preprocess
  insize=1650 outsize=747 ok=1
Cmd: compileSnippet
  api=0 type=0 insize=546 outsize=936 kw= pd= ok=1
Cmd: compileSnippet
  api=0 type=1 insize=546 outsize=6 kw= pd= ok=1
Cmd: compileSnippet
  api=0 type=0 insize=630 outsize=1092 kw= pd= ok=1
Cmd: compileSnippet
  api=0 type=1 insize=630 outsize=6 kw= pd= ok=1
Cmd: compileSnippet
  api=0 type=0 insize=548 outsize=1222 kw= pd= ok=1
Cmd: compileSnippet
  api=0 type=1 insize=548 outsize=6 kw= pd= ok=1
Cmd: compileSnippet
  api=0 type=0 insize=632 outsize=1403 kw= pd= ok=1
Cmd: compileSnippet
  api=0 type=1 insize=632 outsize=6 kw= pd= ok=1
Cmd: preprocess
  insize=1958 outsize=758 ok=1
Cmd: compileSnippet
  api=0 type=0 insize=811 outsize=1259 kw= pd= ok=1
Cmd: compileSnippet
  api=0 type=1 insize=811 outsize=6 kw= pd= ok=1
Cmd: compileSnippet
  api=0 type=0 insize=895 outsize=1414 kw= pd= ok=1
Cmd: compileSnippet
  api=0 type=1 insize=895 outsize=6 kw= pd= ok=1
Cmd: compileSnippet
  api=0 type=0 insize=813 outsize=1583 kw= pd= ok=1
Cmd: compileSnippet
  api=0 type=1 insize=813 outsize=6 kw= pd= ok=1
Cmd: compileSnippet
  api=0 type=0 insize=897 outsize=1768 kw= pd= ok=1
Cmd: compileSnippet
  api=0 type=1 insize=897 outsize=6 kw= pd= ok=1
Cmd: preprocess
  insize=1858 outsize=751 ok=1
Cmd: compileSnippet
  api=0 type=0 insize=716 outsize=1080 kw= pd= ok=1
Cmd: compileSnippet
  api=0 type=1 insize=716 outsize=6 kw= pd= ok=1
Cmd: compileSnippet
  api=0 type=0 insize=800 outsize=1235 kw= pd= ok=1
Cmd: compileSnippet
  api=0 type=1 insize=800 outsize=6 kw= pd= ok=1
Cmd: compileSnippet
  api=0 type=0 insize=718 outsize=1404 kw= pd= ok=1
Cmd: compileSnippet
  api=0 type=1 insize=718 outsize=6 kw= pd= ok=1
Cmd: compileSnippet
  api=0 type=0 insize=802 outsize=1589 kw= pd= ok=1
Cmd: compileSnippet
  api=0 type=1 insize=802 outsize=6 kw= pd= ok=1
Cmd: preprocess
  insize=1947 outsize=752 ok=1
Cmd: compileSnippet
  api=0 type=0 insize=805 outsize=1229 kw= pd= ok=1
Cmd: compileSnippet
  api=0 type=1 insize=805 outsize=6 kw= pd= ok=1
Cmd: compileSnippet
  api=0 type=0 insize=889 outsize=1384 kw= pd= ok=1
Cmd: compileSnippet
  api=0 type=1 insize=889 outsize=6 kw= pd= ok=1
Cmd: compileSnippet
  api=0 type=0 insize=807 outsize=1553 kw= pd= ok=1
Cmd: compileSnippet
  api=0 type=1 insize=807 outsize=6 kw= pd= ok=1
Cmd: compileSnippet
  api=0 type=0 insize=891 outsize=1738 kw= pd= ok=1
Cmd: compileSnippet
  api=0 type=1 insize=891 outsize=6 kw= pd= ok=1
Cmd: preprocess
  insize=656 outsize=401 ok=1
Cmd: compileSnippet
  api=0 type=0 insize=557 outsize=560 kw= pd= ok=1
Cmd: compileSnippet
  api=0 type=1 insize=557 outsize=6 kw= pd= ok=1
Cmd: preprocess
  insize=1675 outsize=748 ok=1
Cmd: compileSnippet
  api=0 type=0 insize=552 outsize=966 kw= pd= ok=1
Cmd: compileSnippet
  api=0 type=1 insize=552 outsize=6 kw= pd= ok=1
Cmd: compileSnippet
  api=0 type=0 insize=636 outsize=1122 kw= pd= ok=1
Cmd: compileSnippet
  api=0 type=1 insize=636 outsize=6 kw= pd= ok=1
Cmd: compileSnippet
  api=0 type=0 insize=554 outsize=1252 kw= pd= ok=1
Cmd: compileSnippet
  api=0 type=1 insize=554 outsize=6 kw= pd= ok=1
Cmd: compileSnippet
  api=0 type=0 insize=638 outsize=1433 kw= pd= ok=1
Cmd: compileSnippet
  api=0 type=1 insize=638 outsize=6 kw= pd= ok=1
Cmd: preprocess
  insize=1541 outsize=754 ok=1
Cmd: compileSnippet
  api=0 type=0 insize=517 outsize=439 kw= pd= ok=1
Cmd: compileSnippet
  api=0 type=1 insize=517 outsize=6 kw= pd= ok=1
Cmd: compileSnippet
  api=0 type=0 insize=601 outsize=636 kw= pd= ok=1
Cmd: compileSnippet
  api=0 type=1 insize=601 outsize=6 kw= pd= ok=1
Cmd: compileSnippet
  api=0 type=0 insize=519 outsize=758 kw= pd= ok=1
Cmd: compileSnippet
  api=0 type=1 insize=519 outsize=6 kw= pd= ok=1
Cmd: compileSnippet
  api=0 type=0 insize=603 outsize=947 kw= pd= ok=1
Cmd: compileSnippet
  api=0 type=1 insize=603 outsize=6 kw= pd= ok=1
Cmd: preprocess
  insize=1847 outsize=746 ok=1
Cmd: compileSnippet
  api=0 type=0 insize=710 outsize=1050 kw= pd= ok=1
Cmd: compileSnippet
  api=0 type=1 insize=710 outsize=6 kw= pd= ok=1
Cmd: compileSnippet
  api=0 type=0 insize=794 outsize=1205 kw= pd= ok=1
Cmd: compileSnippet
  api=0 type=1 insize=794 outsize=6 kw= pd= ok=1
Cmd: compileSnippet
  api=0 type=0 insize=712 outsize=1374 kw= pd= ok=1
Cmd: compileSnippet
  api=0 type=1 insize=712 outsize=6 kw= pd= ok=1
Cmd: compileSnippet
  api=0 type=0 insize=796 outsize=1559 kw= pd= ok=1
Cmd: compileSnippet
  api=0 type=1 insize=796 outsize=6 kw= pd= ok=1
